<?xml version="1.0" encoding="UTF-8" ?>
<testsuite tests="2" failures="1" name="com.caloch.app1.AppTest" time="0.02" errors="0" skipped="0">
  <properties>
[...]
</properties>
  <testcase classname="com.caloch.app1.AppTest" name="testFailure" time="0.02">
    <failure type="junit.framework.AssertionFailedError">junit.framework.AssertionFailedError
	at junit.framework.Assert.fail(Assert.java:47)
	at junit.framework.Assert.assertTrue(Assert.java:20)
	at junit.framework.Assert.assertTrue(Assert.java:27)
	at com.caloch.app1.AppTest.testFailure(AppTest.java:40)
</failure>
  </testcase>
  <testcase classname="com.caloch.app1.AppTest" name="testApp" time="0"/>
</testsuite>